生成启动时间为 2014/11/27 23:26:18。
     1>项目“E:\cocos\Projects\PathFinder\proj.win32\PathFinder.vcxproj”在节点 2 上(Build 个目标)。
     1>ClCompile:
         C:\Program Files (x86)\Microsoft Visual Studio 11.0\VC\bin\CL.exe /c /I"C:\Cocos\frameworks\cocos2d-x\cocos\audio\include" /I"C:\Cocos\frameworks\cocos2d-x\external" /I"C:\Cocos\frameworks\cocos2d-x\external\chipmunk\include\chipmunk" /I"C:\Cocos\frameworks\cocos2d-x\extensions" /I..\Classes /I.. /I"C:\Cocos\frameworks\cocos2d-x\cocos\2d\..\..\cocos\editor-support" /I"C:\Cocos\frameworks\cocos2d-x\cocos\2d\..\..\cocos" /I"C:\Cocos\frameworks\cocos2d-x\cocos\2d\..\..\cocos\platform" /I"C:\Cocos\frameworks\cocos2d-x\cocos\2d\..\..\cocos\platform\desktop" /I"C:\Cocos\frameworks\cocos2d-x\cocos\2d\..\..\external\glfw3\include\win32" /I"C:\Cocos\frameworks\cocos2d-x\cocos\2d\..\..\external\win32-specific\gles\include\OGLES" /ZI /nologo /W3 /WX- /MP /Od /Oy- /D WIN32 /D _WINDOWS /D _USE_MATH_DEFINES /D GL_GLEXT_PROTOTYPES /D CC_ENABLE_CHIPMUNK_INTEGRATION=1 /D COCOS2D_DEBUG=1 /D _CRT_SECURE_NO_WARNINGS /D _SCL_SECURE_NO_WARNINGS /D _VARIADIC_MAX=10 /D _USING_V110_SDK71_ /D _UNICODE /D UNICODE /Gm- /EHsc /RTC1 /MD /GS /fp:precise /Zc:wchar_t /Zc:forScope /Fo"Debug.win32\\" /Fd"Debug.win32\vc110.pdb" /Gd /TP /wd4267 /wd4251 /wd4244 /analyze- /errorReport:prompt ..\Classes\GraphEdge.cpp ..\Classes\GraphNode.cpp
         GraphEdge.cpp
         GraphNode.cpp
     1>e:\cocos\projects\pathfinder\classes\graphnode.cpp : warning C4819: 该文件包含不能在当前代码页(936)中表示的字符。请将该文件保存为 Unicode 格式以防止数据丢失
     1>e:\cocos\projects\pathfinder\classes\graphedge.cpp : warning C4819: 该文件包含不能在当前代码页(936)中表示的字符。请将该文件保存为 Unicode 格式以防止数据丢失
     1>e:\cocos\projects\pathfinder\classes\graphedge.h : warning C4819: 该文件包含不能在当前代码页(936)中表示的字符。请将该文件保存为 Unicode 格式以防止数据丢失 (..\Classes\GraphEdge.cpp)
     1>e:\cocos\projects\pathfinder\classes\graphnode.h : warning C4819: 该文件包含不能在当前代码页(936)中表示的字符。请将该文件保存为 Unicode 格式以防止数据丢失 (..\Classes\GraphNode.cpp)
     1>e:\cocos\projects\pathfinder\classes\nodetypeenumerations.h : warning C4819: 该文件包含不能在当前代码页(936)中表示的字符。请将该文件保存为 Unicode 格式以防止数据丢失 (..\Classes\GraphEdge.cpp)
     1>e:\cocos\projects\pathfinder\classes\nodetypeenumerations.h : warning C4819: 该文件包含不能在当前代码页(936)中表示的字符。请将该文件保存为 Unicode 格式以防止数据丢失 (..\Classes\GraphNode.cpp)
       PreLinkEvent:
         if not exist "E:\cocos\Projects\PathFinder\proj.win32\Debug.win32\" mkdir "E:\cocos\Projects\PathFinder\proj.win32\Debug.win32\"
         xcopy /Y /Q "C:\Cocos\frameworks\cocos2d-x\prebuilt\win32\*.*" "E:\cocos\Projects\PathFinder\proj.win32\Debug.win32\"
         
         :VCEnd
         复制了 41 个文件
       Link:
         C:\Program Files (x86)\Microsoft Visual Studio 11.0\VC\bin\link.exe /ERRORREPORT:PROMPT /OUT:"E:\cocos\Projects\PathFinder\proj.win32\Debug.win32\PathFinder.exe" /INCREMENTAL /NOLOGO /LIBPATH:E:\cocos\Projects\PathFinder\proj.win32\Debug.win32\ /LIBPATH:E:\cocos\Projects\PathFinder\proj.win32\Debug.win32\ opengl32.lib glew32.lib libzlib.lib libpng.lib libjpeg.lib libtiff.lib libwebp.lib libiconv.lib glfw3.lib freetype250.lib winmm.lib ws2_32.lib libchipmunk.lib kernel32.lib user32.lib gdi32.lib winspool.lib comdlg32.lib advapi32.lib shell32.lib ole32.lib oleaut32.lib uuid.lib odbc32.lib odbccp32.lib /MANIFEST /MANIFESTUAC:"level='asInvoker' uiAccess='false'" /manifest:embed /DEBUG /PDB:"E:\cocos\Projects\PathFinder\proj.win32\Debug.win32\PathFinder.pdb" /SUBSYSTEM:WINDOWS,"5.01" /TLBID:1 /DYNAMICBASE /NXCOMPAT /IMPLIB:"E:\cocos\Projects\PathFinder\proj.win32\Debug.win32\PathFinder.lib" /MACHINE:X86 /SAFESEH Debug.win32\game.res
         Debug.win32\AppDelegate.obj
         Debug.win32\GraphEdge.obj
         Debug.win32\GraphNode.obj
         Debug.win32\HelloWorldScene.obj
         Debug.win32\main.obj
     1>AppDelegate.obj : warning LNK4075: 忽略“/EDITANDCONTINUE”(由于“/SAFESEH”规范)
            正在创建库 E:\cocos\Projects\PathFinder\proj.win32\Debug.win32\PathFinder.lib 和对象 E:\cocos\Projects\PathFinder\proj.win32\Debug.win32\PathFinder.exp
         PathFinder.vcxproj -> E:\cocos\Projects\PathFinder\proj.win32\Debug.win32\PathFinder.exe
     1>已完成生成项目“E:\cocos\Projects\PathFinder\proj.win32\PathFinder.vcxproj”(Build 个目标)的操作。

生成成功。

已用时间 00:00:14.42
